<?xml version="1.0" encoding="UTF-8"?>
<!-- Generated by org.testng.reporters.JUnitXMLReporter -->
<testsuite hostname="DESKTOP-G716EM5" ignored="0" name="Default test" tests="2" failures="0" timestamp="2019-12-02T21:09:08 GMT" time="8.151" errors="0">
  <testcase name="@BeforeTest homePageNavigation" time="8.045" classname="project123.CarTest">
    <failure type="org.openqa.selenium.SessionNotCreatedException" message="session not created: This version of ChromeDriver only supports Chrome version 75
Build info: version: &amp;apos;4.0.0-alpha-2&amp;apos;, revision: &amp;apos;f148142cf8&amp;apos;, time: &amp;apos;2019-07-01T20:55:26&amp;apos;
System info: host: &amp;apos;DESKTOP-G716EM5&amp;apos;, ip: &amp;apos;192.168.0.213&amp;apos;, os.name: &amp;apos;Windows 10&amp;apos;, os.arch: &amp;apos;amd64&amp;apos;, os.version: &amp;apos;10.0&amp;apos;, java.version: &amp;apos;1.8.0_201&amp;apos;
Driver info: driver.version: ChromeDriver
remote stacktrace: Backtrace:
	Ordinal0 [0x011A1B23+1448739]
	Ordinal0 [0x01125A11+940561]
	Ordinal0 [0x010B2293+467603]
	Ordinal0 [0x0104F27E+62078]
	Ordinal0 [0x0104BBBD+48061]
	Ordinal0 [0x01068D19+167193]
	Ordinal0 [0x010688ED+166125]
	Ordinal0 [0x01066FFB+159739]
	Ordinal0 [0x010509F6+68086]
	Ordinal0 [0x01051990+72080]
	Ordinal0 [0x01051929+71977]
	GetHandleVerifier [0x012E2E4C+1172140]
	GetHandleVerifier [0x0123FE35+504469]
	GetHandleVerifier [0x0123FBD0+503856]
	Ordinal0 [0x011AC9A8+1493416]
	GetHandleVerifier [0x0124060A+506474]
	Ordinal0 [0x01137136+1012022]
	Ordinal0 [0x01136FAF+1011631]
	Ordinal0 [0x0114133B+1053499]
	Ordinal0 [0x011414A3+1053859]
	Ordinal0 [0x011404D5+1049813]
	BaseThreadInitThunk [0x74B68494+36]
	RtlAreBitsSet [0x770F41C8+136]
	RtlAreBitsSet [0x770F4198+88]
">
      <![CDATA[org.openqa.selenium.SessionNotCreatedException: session not created: This version of ChromeDriver only supports Chrome version 75
Build info: version: '4.0.0-alpha-2', revision: 'f148142cf8', time: '2019-07-01T20:55:26'
System info: host: 'DESKTOP-G716EM5', ip: '192.168.0.213', os.name: 'Windows 10', os.arch: 'amd64', os.version: '10.0', java.version: '1.8.0_201'
Driver info: driver.version: ChromeDriver
remote stacktrace: Backtrace:
Ordinal0 [0x011A1B23+1448739]
Ordinal0 [0x01125A11+940561]
Ordinal0 [0x010B2293+467603]
Ordinal0 [0x0104F27E+62078]
Ordinal0 [0x0104BBBD+48061]
Ordinal0 [0x01068D19+167193]
Ordinal0 [0x010688ED+166125]
Ordinal0 [0x01066FFB+159739]
Ordinal0 [0x010509F6+68086]
Ordinal0 [0x01051990+72080]
Ordinal0 [0x01051929+71977]
GetHandleVerifier [0x012E2E4C+1172140]
GetHandleVerifier [0x0123FE35+504469]
GetHandleVerifier [0x0123FBD0+503856]
Ordinal0 [0x011AC9A8+1493416]
GetHandleVerifier [0x0124060A+506474]
Ordinal0 [0x01137136+1012022]
Ordinal0 [0x01136FAF+1011631]
Ordinal0 [0x0114133B+1053499]
Ordinal0 [0x011414A3+1053859]
Ordinal0 [0x011404D5+1049813]
BaseThreadInitThunk [0x74B68494+36]
RtlAreBitsSet [0x770F41C8+136]
RtlAreBitsSet [0x770F4198+88]

at sun.reflect.NativeConstructorAccessorImpl.newInstance0(Native Method)
at sun.reflect.NativeConstructorAccessorImpl.newInstance(NativeConstructorAccessorImpl.java:62)
at sun.reflect.DelegatingConstructorAccessorImpl.newInstance(DelegatingConstructorAccessorImpl.java:45)
at java.lang.reflect.Constructor.newInstance(Constructor.java:423)
at org.openqa.selenium.remote.W3CHandshakeResponse.lambda$errorHandler$0(W3CHandshakeResponse.java:62)
at org.openqa.selenium.remote.HandshakeResponse.lambda$getResponseFunction$0(HandshakeResponse.java:30)
at org.openqa.selenium.remote.ProtocolHandshake.lambda$createSession$1(ProtocolHandshake.java:127)
at java.util.stream.ReferencePipeline$3$1.accept(ReferencePipeline.java:193)
at java.util.Spliterators$ArraySpliterator.tryAdvance(Spliterators.java:958)
at java.util.stream.ReferencePipeline.forEachWithCancel(ReferencePipeline.java:126)
at java.util.stream.AbstractPipeline.copyIntoWithCancel(AbstractPipeline.java:498)
at java.util.stream.AbstractPipeline.copyInto(AbstractPipeline.java:485)
at java.util.stream.AbstractPipeline.wrapAndCopyInto(AbstractPipeline.java:471)
at java.util.stream.FindOps$FindOp.evaluateSequential(FindOps.java:152)
at java.util.stream.AbstractPipeline.evaluate(AbstractPipeline.java:234)
at java.util.stream.ReferencePipeline.findFirst(ReferencePipeline.java:464)
at org.openqa.selenium.remote.ProtocolHandshake.createSession(ProtocolHandshake.java:129)
at org.openqa.selenium.remote.ProtocolHandshake.createSession(ProtocolHandshake.java:75)
at org.openqa.selenium.remote.HttpCommandExecutor.execute(HttpCommandExecutor.java:139)
at org.openqa.selenium.remote.service.DriverCommandExecutor.execute(DriverCommandExecutor.java:83)
at org.openqa.selenium.remote.RemoteWebDriver.execute(RemoteWebDriver.java:576)
at org.openqa.selenium.remote.RemoteWebDriver.startSession(RemoteWebDriver.java:210)
at org.openqa.selenium.remote.RemoteWebDriver.<init>(RemoteWebDriver.java:130)
at org.openqa.selenium.chromium.ChromiumDriver.<init>(ChromiumDriver.java:73)
at org.openqa.selenium.chrome.ChromeDriver.<init>(ChromeDriver.java:163)
at org.openqa.selenium.chrome.ChromeDriver.<init>(ChromeDriver.java:150)
at org.openqa.selenium.chrome.ChromeDriver.<init>(ChromeDriver.java:105)
at utilities.DriverFactory.initializeDriver(DriverFactory.java:34)
at project123.CarTest.homePageNavigation(CarTest.java:34)
at sun.reflect.NativeMethodAccessorImpl.invoke0(Native Method)
at sun.reflect.NativeMethodAccessorImpl.invoke(NativeMethodAccessorImpl.java:62)
at sun.reflect.DelegatingMethodAccessorImpl.invoke(DelegatingMethodAccessorImpl.java:43)
at java.lang.reflect.Method.invoke(Method.java:498)
at org.testng.internal.MethodInvocationHelper.invokeMethod(MethodInvocationHelper.java:133)
at org.testng.internal.MethodInvocationHelper.invokeMethodConsideringTimeout(MethodInvocationHelper.java:62)
at org.testng.internal.ConfigInvoker.invokeConfigurationMethod(ConfigInvoker.java:340)
at org.testng.internal.ConfigInvoker.invokeConfigurations(ConfigInvoker.java:294)
at org.testng.TestRunner.invokeTestConfigurations(TestRunner.java:623)
at org.testng.TestRunner.beforeRun(TestRunner.java:613)
at org.testng.TestRunner.run(TestRunner.java:584)
at org.testng.SuiteRunner.runTest(SuiteRunner.java:402)
at org.testng.SuiteRunner.runSequentially(SuiteRunner.java:396)
at org.testng.SuiteRunner.privateRun(SuiteRunner.java:355)
at org.testng.SuiteRunner.run(SuiteRunner.java:304)
at org.testng.SuiteRunnerWorker.runSuite(SuiteRunnerWorker.java:53)
at org.testng.SuiteRunnerWorker.run(SuiteRunnerWorker.java:96)
at org.testng.TestNG.runSuitesSequentially(TestNG.java:1180)
at org.testng.TestNG.runSuitesLocally(TestNG.java:1102)
at org.testng.TestNG.runSuites(TestNG.java:1032)
at org.testng.TestNG.run(TestNG.java:1000)
at org.testng.remote.AbstractRemoteTestNG.run(AbstractRemoteTestNG.java:115)
at org.testng.remote.RemoteTestNG.initAndRun(RemoteTestNG.java:251)
at org.testng.remote.RemoteTestNG.main(RemoteTestNG.java:77)
]]>
    </failure>
  </testcase> <!-- @BeforeTest homePageNavigation -->
  <testcase name="@AfterTest teardown" time="-1.575320948063E9" classname="project123.CarTest">
    <skipped/>
  </testcase> <!-- @AfterTest teardown -->
  <testcase name="navigateToCarQuotePage" time="0.0" classname="project123.CarTest">
    <skipped/>
  </testcase> <!-- navigateToCarQuotePage -->
  <testcase name="carQuote" time="0.0" classname="project123.CarTest">
    <skipped/>
  </testcase> <!-- carQuote -->
</testsuite> <!-- Default test -->
